[22:20:25] [ServerMain/INFO]: Environment: Environment[sessionHost=https://sessionserver.mojang.com, servicesHost=https://api.minecraftservices.com, name=PROD]
[22:20:26] [ServerMain/INFO]: Loaded 1373 recipes
[22:20:26] [ServerMain/INFO]: Loaded 1484 advancements
[22:20:26] [Server thread/INFO]: Starting minecraft server version 1.21.5
[22:20:26] [Server thread/INFO]: Loading properties
[22:20:26] [Server thread/INFO]: Default game type: SURVIVAL
[22:20:26] [Server thread/INFO]: Generating keypair
[22:20:26] [Server thread/INFO]: Starting Minecraft server on *:25565
[22:20:26] [Server thread/INFO]: Using epoll channel type
[22:20:26] [Server thread/INFO]: Preparing level "world"
[22:20:26] [Server thread/INFO]: Preparing start region for dimension minecraft:overworld
[22:20:27] [Worker-Main-11/INFO]: Preparing spawn area: 0%
[22:20:27] [Worker-Main-11/INFO]: Preparing spawn area: 0%
[22:20:27] [Server thread/INFO]: Time elapsed: 650 ms
[22:20:27] [Server thread/INFO]: Done (0.831s)! For help, type "help"
[22:20:27] [Server thread/INFO]: Starting remote control listener
[22:20:27] [Server thread/INFO]: Thread RCON Listener started
[22:20:27] [Server thread/INFO]: RCON running on 0.0.0.0:25575
[22:21:27] [Server thread/INFO]: Server empty for 60 seconds, pausing
[22:23:01] [Server thread/WARN]: handleDisconnection() called twice
